<?xml version="1.0" encoding="UTF-8"?>
<!-- Generated by org.testng.reporters.JUnitXMLReporter -->
<testsuite ignored="2" hostname="DESKTOP-73AEGU5" failures="0" tests="1" name="Default test" time="3.338" errors="0" timestamp="2020-11-18T14:02:41 BRT">
  <testcase classname="br.com.xerxes.rest.Weather" name="getWeatherTexasBadRequestTest" time="2.57"/>
  <testcase classname="br.com.xerxes.rest.Weather" name="getWeatherTexasSucessTest" time="0.0">
    <ignored/>
  </testcase> <!-- getWeatherTexasSucessTest -->
  <testcase classname="br.com.xerxes.rest.Weather" name="getWeatherTexasNotFoundTest" time="0.0">
    <ignored/>
  </testcase> <!-- getWeatherTexasNotFoundTest -->
</testsuite> <!-- Default test -->
