<?xml version="1.0" encoding="UTF-8"?>
<testng-results ignored="2" total="3" passed="1" failed="0" skipped="0">
  <reporter-output>
  </reporter-output>
  <suite started-at="2020-11-18T14:02:38 BRT" name="Default suite" finished-at="2020-11-18T14:02:41 BRT" duration-ms="3338">
    <groups>
    </groups>
    <test started-at="2020-11-18T14:02:38 BRT" name="Default test" finished-at="2020-11-18T14:02:41 BRT" duration-ms="3338">
      <class name="br.com.xerxes.rest.Weather">
        <test-method is-config="true" signature="setup()[pri:0, instance:br.com.xerxes.rest.Weather@2abf4075]" started-at="2020-11-18T14:02:38 BRT" name="setup" finished-at="2020-11-18T14:02:38 BRT" duration-ms="713" status="PASS">
          <reporter-output>
          </reporter-output>
        </test-method> <!-- setup -->
        <test-method signature="getWeatherTexasBadRequestTest()[pri:0, instance:br.com.xerxes.rest.Weather@2abf4075]" started-at="2020-11-18T14:02:38 BRT" name="getWeatherTexasBadRequestTest" finished-at="2020-11-18T14:02:41 BRT" duration-ms="2570" status="PASS">
          <reporter-output>
          </reporter-output>
        </test-method> <!-- getWeatherTexasBadRequestTest -->
      </class> <!-- br.com.xerxes.rest.Weather -->
    </test> <!-- Default test -->
  </suite> <!-- Default suite -->
</testng-results>
